<?xml version="1.0" encoding="UTF-8"?>
<!-- Generated by org.testng.reporters.JUnitReportReporter -->
<testsuite hostname="Vitor-HP" failures="0" tests="1" name="TestRunner.CucumberTestRunner" time="38.692" errors="0" timestamp="2024-05-17T17:04:02 WEST" skipped="0">
  <testcase classname="TestRunner.CucumberTestRunner" name="runScenario" time="38.692"/>
</testsuite> <!-- TestRunner.CucumberTestRunner -->
