<?xml version="1.0" encoding="UTF-8"?>
<!-- Generated by org.testng.reporters.JUnitReportReporter -->
<testsuite hostname="Vitor-HP" failures="0" tests="1" name="TestRunner.CucumberTestRunner" time="39.136" errors="0" timestamp="2024-05-18T15:48:28 WEST" skipped="0">
  <testcase classname="TestRunner.CucumberTestRunner" name="runScenario" time="39.136"/>
</testsuite> <!-- TestRunner.CucumberTestRunner -->
